<?xml version="1.0" encoding="UTF-8"?>
<testng-results ignored="0" total="3" passed="2" failed="1" skipped="0">
  <reporter-output>
  </reporter-output>
  <suite started-at="2022-07-19T21:24:00 ART" name="UI Test Suite" finished-at="2022-07-19T21:24:18 ART" duration-ms="17447">
    <groups>
    </groups>
    <test started-at="2022-07-19T21:24:00 ART" name="UI Testing" finished-at="2022-07-19T21:24:18 ART" duration-ms="17447">
      <class name="com.qa.testscripts.TC001">
        <test-method is-config="true" signature="setUp()[pri:0, instance:com.qa.testscripts.TC001@2ea41516]" started-at="2022-07-19T21:23:57 ART" name="setUp" finished-at="2022-07-19T21:24:00 ART" duration-ms="3514" status="PASS">
          <reporter-output>
          </reporter-output>
        </test-method> <!-- setUp -->
        <test-method is-config="true" signature="startup()[pri:0, instance:com.qa.testscripts.TC001@2ea41516]" started-at="2022-07-19T21:24:00 ART" name="startup" finished-at="2022-07-19T21:24:00 ART" duration-ms="0" status="PASS">
          <reporter-output>
          </reporter-output>
        </test-method> <!-- startup -->
        <test-method signature="login()[pri:1, instance:com.qa.testscripts.TC001@2ea41516]" started-at="2022-07-19T21:24:00 ART" name="login" finished-at="2022-07-19T21:24:04 ART" duration-ms="3569" status="PASS">
          <reporter-output>
          </reporter-output>
        </test-method> <!-- login -->
        <test-method signature="dashboardVerification()[pri:2, instance:com.qa.testscripts.TC001@2ea41516]" started-at="2022-07-19T21:24:04 ART" name="dashboardVerification" finished-at="2022-07-19T21:24:06 ART" duration-ms="1904" status="PASS">
          <reporter-output>
          </reporter-output>
        </test-method> <!-- dashboardVerification -->
        <test-method signature="pimScenario()[pri:3, instance:com.qa.testscripts.TC001@2ea41516]" started-at="2022-07-19T21:24:06 ART" name="pimScenario" finished-at="2022-07-19T21:24:17 ART" duration-ms="11477" status="FAIL">
          <exception class="java.lang.AssertionError">
            <message>
              <![CDATA[expected [Linda Anderson] but found []]]>
            </message>
            <full-stacktrace>
              <![CDATA[java.lang.AssertionError: expected [Linda Anderson] but found []
at org.testng.Assert.fail(Assert.java:99)
at org.testng.Assert.failNotEquals(Assert.java:1037)
at org.testng.Assert.assertEqualsImpl(Assert.java:140)
at org.testng.Assert.assertEquals(Assert.java:122)
at org.testng.Assert.assertEquals(Assert.java:629)
at org.testng.Assert.assertEquals(Assert.java:639)
at com.qa.testscripts.TC001.pimScenario(TC001.java:43)
at java.base/jdk.internal.reflect.NativeMethodAccessorImpl.invoke0(Native Method)
at java.base/jdk.internal.reflect.NativeMethodAccessorImpl.invoke(NativeMethodAccessorImpl.java:78)
at java.base/jdk.internal.reflect.DelegatingMethodAccessorImpl.invoke(DelegatingMethodAccessorImpl.java:43)
at java.base/java.lang.reflect.Method.invoke(Method.java:567)
at org.testng.internal.MethodInvocationHelper.invokeMethod(MethodInvocationHelper.java:133)
at org.testng.internal.TestInvoker.invokeMethod(TestInvoker.java:598)
at org.testng.internal.TestInvoker.invokeTestMethod(TestInvoker.java:173)
at org.testng.internal.MethodRunner.runInSequence(MethodRunner.java:46)
at org.testng.internal.TestInvoker$MethodInvocationAgent.invoke(TestInvoker.java:824)
at org.testng.internal.TestInvoker.invokeTestMethods(TestInvoker.java:146)
at org.testng.internal.TestMethodWorker.invokeTestMethods(TestMethodWorker.java:146)
at org.testng.internal.TestMethodWorker.run(TestMethodWorker.java:128)
at java.base/java.util.concurrent.ThreadPoolExecutor.runWorker(ThreadPoolExecutor.java:1130)
at java.base/java.util.concurrent.ThreadPoolExecutor$Worker.run(ThreadPoolExecutor.java:630)
at java.base/java.lang.Thread.run(Thread.java:831)
]]>
            </full-stacktrace>
          </exception> <!-- java.lang.AssertionError -->
          <reporter-output>
          </reporter-output>
        </test-method> <!-- pimScenario -->
        <test-method is-config="true" signature="finish()[pri:0, instance:com.qa.testscripts.TC001@2ea41516]" started-at="2022-07-19T21:24:18 ART" name="finish" finished-at="2022-07-19T21:24:18 ART" duration-ms="0" status="PASS">
          <reporter-output>
          </reporter-output>
        </test-method> <!-- finish -->
        <test-method is-config="true" signature="tearDown()[pri:0, instance:com.qa.testscripts.TC001@2ea41516]" started-at="2022-07-19T21:24:18 ART" name="tearDown" finished-at="2022-07-19T21:24:18 ART" duration-ms="71" status="PASS">
          <reporter-output>
          </reporter-output>
        </test-method> <!-- tearDown -->
      </class> <!-- com.qa.testscripts.TC001 -->
    </test> <!-- UI Testing -->
  </suite> <!-- UI Test Suite -->
</testng-results>
